<?xml version="1.0" encoding="UTF-8"?>
<!-- Generated by org.testng.reporters.JUnitXMLReporter -->
<testsuite ignored="0" hostname="DESKTOP-HEM1A6D" failures="0" tests="0" name="Linux-chrome" time="0.616" errors="0" timestamp="2024-12-29T17:36:07 IST">
  <testcase classname="testBase.Baseclass" name="@AfterClass teraDown" time="0.002">
    <failure type="java.lang.NullPointerException" message="Cannot invoke &amp;quot;org.openqa.selenium.WebDriver.close()&amp;quot; because &amp;quot;testBase.Baseclass.driver&amp;quot; is null">
      <![CDATA[java.lang.NullPointerException: Cannot invoke "org.openqa.selenium.WebDriver.close()" because "testBase.Baseclass.driver" is null
at testBase.Baseclass.teraDown(Baseclass.java:97)
at java.base/java.util.ArrayList.forEach(ArrayList.java:1597)
... Removed 24 stack frames]]>
    </failure>
  </testcase> <!-- @AfterClass teraDown -->
</testsuite> <!-- Linux-chrome -->
