<?xml version="1.0" encoding="UTF-8"?>
<testng-results ignored="0" total="4" passed="4" failed="0" skipped="0">
  <reporter-output>
  </reporter-output>
  <suite started-at="2025-04-09T22:26:52 IST" name="Suite" finished-at="2025-04-09T22:27:31 IST" duration-ms="38352">
    <groups>
      <group name="Master">
        <method signature="Tc1_Logintest.verify_Login()[pri:0, instance:testCases.Tc1_Logintest@5f0e9815]" name="verify_Login" class="testCases.Tc1_Logintest"/>
        <method signature="Tc_AccountReg.verifyOnAccountRegistration()[pri:0, instance:testCases.Tc_AccountReg@45fd9a4d]" name="verifyOnAccountRegistration" class="testCases.Tc_AccountReg"/>
        <method signature="Tc1_Logintest.verify_Login()[pri:0, instance:testCases.Tc1_Logintest@6399551e]" name="verify_Login" class="testCases.Tc1_Logintest"/>
        <method signature="Tc_AccountReg.verifyOnAccountRegistration()[pri:0, instance:testCases.Tc_AccountReg@1c32386d]" name="verifyOnAccountRegistration" class="testCases.Tc_AccountReg"/>
      </group> <!-- Master -->
      <group name="Sanity">
        <method signature="Tc1_Logintest.verify_Login()[pri:0, instance:testCases.Tc1_Logintest@5f0e9815]" name="verify_Login" class="testCases.Tc1_Logintest"/>
        <method signature="Tc1_Logintest.verify_Login()[pri:0, instance:testCases.Tc1_Logintest@6399551e]" name="verify_Login" class="testCases.Tc1_Logintest"/>
      </group> <!-- Sanity -->
      <group name="Regration">
        <method signature="Tc_AccountReg.verifyOnAccountRegistration()[pri:0, instance:testCases.Tc_AccountReg@45fd9a4d]" name="verifyOnAccountRegistration" class="testCases.Tc_AccountReg"/>
        <method signature="Tc_AccountReg.verifyOnAccountRegistration()[pri:0, instance:testCases.Tc_AccountReg@1c32386d]" name="verifyOnAccountRegistration" class="testCases.Tc_AccountReg"/>
      </group> <!-- Regration -->
    </groups>
    <test started-at="2025-04-09T22:26:52 IST" name="test" finished-at="2025-04-09T22:27:10 IST" duration-ms="17368">
      <class name="testCases.Tc_AccountReg">
        <test-method is-config="true" signature="setUp(java.lang.String,java.lang.String)[pri:0, instance:testCases.Tc_AccountReg@45fd9a4d]" started-at="2025-04-09T22:26:53 IST" name="setUp" finished-at="2025-04-09T22:26:57 IST" duration-ms="4456" status="PASS">
          <params>
            <param index="0">
              <value>
                <![CDATA[windows]]>
              </value>
            </param>
            <param index="1">
              <value>
                <![CDATA[chrome]]>
              </value>
            </param>
          </params>
          <reporter-output>
          </reporter-output>
        </test-method> <!-- setUp -->
        <test-method signature="verifyOnAccountRegistration()[pri:0, instance:testCases.Tc_AccountReg@45fd9a4d]" started-at="2025-04-09T22:26:57 IST" name="verifyOnAccountRegistration" finished-at="2025-04-09T22:27:00 IST" duration-ms="2834" status="PASS">
          <reporter-output>
          </reporter-output>
        </test-method> <!-- verifyOnAccountRegistration -->
        <test-method is-config="true" signature="teraDown()[pri:0, instance:testCases.Tc_AccountReg@45fd9a4d]" started-at="2025-04-09T22:27:00 IST" name="teraDown" finished-at="2025-04-09T22:27:00 IST" duration-ms="310" status="PASS">
          <reporter-output>
          </reporter-output>
        </test-method> <!-- teraDown -->
      </class> <!-- testCases.Tc_AccountReg -->
      <class name="testCases.Tc1_Logintest">
        <test-method is-config="true" signature="setUp(java.lang.String,java.lang.String)[pri:0, instance:testCases.Tc1_Logintest@5f0e9815]" started-at="2025-04-09T22:27:00 IST" name="setUp" finished-at="2025-04-09T22:27:04 IST" duration-ms="4095" status="PASS">
          <params>
            <param index="0">
              <value>
                <![CDATA[windows]]>
              </value>
            </param>
            <param index="1">
              <value>
                <![CDATA[chrome]]>
              </value>
            </param>
          </params>
          <reporter-output>
          </reporter-output>
        </test-method> <!-- setUp -->
        <test-method signature="verify_Login()[pri:0, instance:testCases.Tc1_Logintest@5f0e9815]" started-at="2025-04-09T22:27:04 IST" name="verify_Login" finished-at="2025-04-09T22:27:10 IST" duration-ms="5118" status="PASS">
          <reporter-output>
          </reporter-output>
        </test-method> <!-- verify_Login -->
        <test-method is-config="true" signature="teraDown()[pri:0, instance:testCases.Tc1_Logintest@5f0e9815]" started-at="2025-04-09T22:27:10 IST" name="teraDown" finished-at="2025-04-09T22:27:10 IST" duration-ms="218" status="PASS">
          <reporter-output>
          </reporter-output>
        </test-method> <!-- teraDown -->
      </class> <!-- testCases.Tc1_Logintest -->
    </test> <!-- test -->
    <test started-at="2025-04-09T22:27:10 IST" name="edgetest" finished-at="2025-04-09T22:27:31 IST" duration-ms="20284">
      <class name="testCases.Tc_AccountReg">
        <test-method is-config="true" signature="setUp(java.lang.String,java.lang.String)[pri:0, instance:testCases.Tc_AccountReg@1c32386d]" started-at="2025-04-09T22:27:10 IST" name="setUp" finished-at="2025-04-09T22:27:17 IST" duration-ms="6139" status="PASS">
          <params>
            <param index="0">
              <value>
                <![CDATA[windows]]>
              </value>
            </param>
            <param index="1">
              <value>
                <![CDATA[edge]]>
              </value>
            </param>
          </params>
          <reporter-output>
          </reporter-output>
        </test-method> <!-- setUp -->
        <test-method signature="verifyOnAccountRegistration()[pri:0, instance:testCases.Tc_AccountReg@1c32386d]" started-at="2025-04-09T22:27:17 IST" name="verifyOnAccountRegistration" finished-at="2025-04-09T22:27:19 IST" duration-ms="2705" status="PASS">
          <reporter-output>
          </reporter-output>
        </test-method> <!-- verifyOnAccountRegistration -->
        <test-method is-config="true" signature="teraDown()[pri:0, instance:testCases.Tc_AccountReg@1c32386d]" started-at="2025-04-09T22:27:19 IST" name="teraDown" finished-at="2025-04-09T22:27:19 IST" duration-ms="173" status="PASS">
          <reporter-output>
          </reporter-output>
        </test-method> <!-- teraDown -->
      </class> <!-- testCases.Tc_AccountReg -->
      <class name="testCases.Tc1_Logintest">
        <test-method is-config="true" signature="setUp(java.lang.String,java.lang.String)[pri:0, instance:testCases.Tc1_Logintest@6399551e]" started-at="2025-04-09T22:27:19 IST" name="setUp" finished-at="2025-04-09T22:27:25 IST" duration-ms="5950" status="PASS">
          <params>
            <param index="0">
              <value>
                <![CDATA[windows]]>
              </value>
            </param>
            <param index="1">
              <value>
                <![CDATA[edge]]>
              </value>
            </param>
          </params>
          <reporter-output>
          </reporter-output>
        </test-method> <!-- setUp -->
        <test-method signature="verify_Login()[pri:0, instance:testCases.Tc1_Logintest@6399551e]" started-at="2025-04-09T22:27:25 IST" name="verify_Login" finished-at="2025-04-09T22:27:30 IST" duration-ms="5031" status="PASS">
          <reporter-output>
          </reporter-output>
        </test-method> <!-- verify_Login -->
        <test-method is-config="true" signature="teraDown()[pri:0, instance:testCases.Tc1_Logintest@6399551e]" started-at="2025-04-09T22:27:30 IST" name="teraDown" finished-at="2025-04-09T22:27:31 IST" duration-ms="275" status="PASS">
          <reporter-output>
          </reporter-output>
        </test-method> <!-- teraDown -->
      </class> <!-- testCases.Tc1_Logintest -->
    </test> <!-- edgetest -->
  </suite> <!-- Suite -->
</testng-results>
