<?xml version="1.0" encoding="UTF-8"?>
<testng-results ignored="0" total="2" passed="2" failed="0" skipped="0">
  <reporter-output>
  </reporter-output>
  <suite started-at="2025-02-12T23:17:53 IST" name="Suite" finished-at="2025-02-12T23:18:46 IST" duration-ms="52882">
    <groups>
      <group name="Master">
        <method signature="Tc1_Logintest.verify_Login()[pri:0, instance:testCases.Tc1_Logintest@447a020]" name="verify_Login" class="testCases.Tc1_Logintest"/>
        <method signature="Tc_AccountReg.verifyOnAccountRegistration()[pri:0, instance:testCases.Tc_AccountReg@1f6c9cd8]" name="verifyOnAccountRegistration" class="testCases.Tc_AccountReg"/>
      </group> <!-- Master -->
      <group name="Sanity">
        <method signature="Tc1_Logintest.verify_Login()[pri:0, instance:testCases.Tc1_Logintest@447a020]" name="verify_Login" class="testCases.Tc1_Logintest"/>
      </group> <!-- Sanity -->
      <group name="Regration">
        <method signature="Tc_AccountReg.verifyOnAccountRegistration()[pri:0, instance:testCases.Tc_AccountReg@1f6c9cd8]" name="verifyOnAccountRegistration" class="testCases.Tc_AccountReg"/>
      </group> <!-- Regration -->
    </groups>
    <test started-at="2025-02-12T23:17:53 IST" name="test" finished-at="2025-02-12T23:18:46 IST" duration-ms="52882">
      <class name="testCases.Tc_AccountReg">
        <test-method is-config="true" signature="setUp(java.lang.String,java.lang.String)[pri:0, instance:testCases.Tc_AccountReg@1f6c9cd8]" started-at="2025-02-12T23:17:53 IST" name="setUp" finished-at="2025-02-12T23:18:17 IST" duration-ms="23624" status="PASS">
          <params>
            <param index="0">
              <value>
                <![CDATA[windows]]>
              </value>
            </param>
            <param index="1">
              <value>
                <![CDATA[chrome]]>
              </value>
            </param>
          </params>
          <reporter-output>
          </reporter-output>
        </test-method> <!-- setUp -->
        <test-method signature="verifyOnAccountRegistration()[pri:0, instance:testCases.Tc_AccountReg@1f6c9cd8]" started-at="2025-02-12T23:18:17 IST" name="verifyOnAccountRegistration" finished-at="2025-02-12T23:18:23 IST" duration-ms="6383" status="PASS">
          <reporter-output>
          </reporter-output>
        </test-method> <!-- verifyOnAccountRegistration -->
        <test-method is-config="true" signature="teraDown()[pri:0, instance:testCases.Tc_AccountReg@1f6c9cd8]" started-at="2025-02-12T23:18:23 IST" name="teraDown" finished-at="2025-02-12T23:18:23 IST" duration-ms="195" status="PASS">
          <reporter-output>
          </reporter-output>
        </test-method> <!-- teraDown -->
      </class> <!-- testCases.Tc_AccountReg -->
      <class name="testCases.Tc1_Logintest">
        <test-method is-config="true" signature="setUp(java.lang.String,java.lang.String)[pri:0, instance:testCases.Tc1_Logintest@447a020]" started-at="2025-02-12T23:18:23 IST" name="setUp" finished-at="2025-02-12T23:18:40 IST" duration-ms="17097" status="PASS">
          <params>
            <param index="0">
              <value>
                <![CDATA[windows]]>
              </value>
            </param>
            <param index="1">
              <value>
                <![CDATA[chrome]]>
              </value>
            </param>
          </params>
          <reporter-output>
          </reporter-output>
        </test-method> <!-- setUp -->
        <test-method signature="verify_Login()[pri:0, instance:testCases.Tc1_Logintest@447a020]" started-at="2025-02-12T23:18:40 IST" name="verify_Login" finished-at="2025-02-12T23:18:45 IST" duration-ms="5110" status="PASS">
          <reporter-output>
          </reporter-output>
        </test-method> <!-- verify_Login -->
        <test-method is-config="true" signature="teraDown()[pri:0, instance:testCases.Tc1_Logintest@447a020]" started-at="2025-02-12T23:18:45 IST" name="teraDown" finished-at="2025-02-12T23:18:46 IST" duration-ms="146" status="PASS">
          <reporter-output>
          </reporter-output>
        </test-method> <!-- teraDown -->
      </class> <!-- testCases.Tc1_Logintest -->
    </test> <!-- test -->
  </suite> <!-- Suite -->
</testng-results>
