<?xml version="1.0" encoding="UTF-8"?>
<testng-results ignored="0" total="1" passed="1" failed="0" skipped="0">
  <reporter-output>
  </reporter-output>
  <suite started-at="2025-02-11T22:22:04 IST" name="Suite" finished-at="2025-02-11T22:22:33 IST" duration-ms="28558">
    <groups>
      <group name="Master">
        <method signature="Tc_AccountReg.verifyOnAccountRegistration()[pri:0, instance:testCases.Tc_AccountReg@3b7ff809]" name="verifyOnAccountRegistration" class="testCases.Tc_AccountReg"/>
      </group> <!-- Master -->
      <group name="Regration">
        <method signature="Tc_AccountReg.verifyOnAccountRegistration()[pri:0, instance:testCases.Tc_AccountReg@3b7ff809]" name="verifyOnAccountRegistration" class="testCases.Tc_AccountReg"/>
      </group> <!-- Regration -->
    </groups>
    <test started-at="2025-02-11T22:22:04 IST" name="test" finished-at="2025-02-11T22:22:33 IST" duration-ms="28558">
      <class name="testCases.Tc_AccountReg">
        <test-method is-config="true" signature="setUp(java.lang.String,java.lang.String)[pri:0, instance:testCases.Tc_AccountReg@3b7ff809]" started-at="2025-02-11T22:22:05 IST" name="setUp" finished-at="2025-02-11T22:22:27 IST" duration-ms="22212" status="PASS">
          <params>
            <param index="0">
              <value>
                <![CDATA[windows]]>
              </value>
            </param>
            <param index="1">
              <value>
                <![CDATA[chrome]]>
              </value>
            </param>
          </params>
          <reporter-output>
          </reporter-output>
        </test-method> <!-- setUp -->
        <test-method signature="verifyOnAccountRegistration()[pri:0, instance:testCases.Tc_AccountReg@3b7ff809]" started-at="2025-02-11T22:22:27 IST" name="verifyOnAccountRegistration" finished-at="2025-02-11T22:22:33 IST" duration-ms="5744" status="PASS">
          <reporter-output>
          </reporter-output>
        </test-method> <!-- verifyOnAccountRegistration -->
        <test-method is-config="true" signature="teraDown()[pri:0, instance:testCases.Tc_AccountReg@3b7ff809]" started-at="2025-02-11T22:22:33 IST" name="teraDown" finished-at="2025-02-11T22:22:33 IST" duration-ms="146" status="PASS">
          <reporter-output>
          </reporter-output>
        </test-method> <!-- teraDown -->
      </class> <!-- testCases.Tc_AccountReg -->
    </test> <!-- test -->
  </suite> <!-- Suite -->
</testng-results>
