<?xml version="1.0" encoding="UTF-8"?>
<testng-results ignored="0" total="1" passed="1" failed="0" skipped="0">
  <reporter-output>
  </reporter-output>
  <suite started-at="2025-03-25T23:26:01 IST" name="Default suite" finished-at="2025-03-25T23:26:05 IST" duration-ms="3812">
    <groups>
    </groups>
    <test started-at="2025-03-25T23:26:01 IST" name="Default test" finished-at="2025-03-25T23:26:05 IST" duration-ms="3812">
      <class name="basicPrograms.TakeScreenShoot">
        <test-method signature="screenShoot()[pri:0, instance:basicPrograms.TakeScreenShoot@3e10dc6]" started-at="2025-03-25T23:26:01 IST" name="screenShoot" finished-at="2025-03-25T23:26:05 IST" duration-ms="3737" status="PASS">
          <reporter-output>
          </reporter-output>
        </test-method> <!-- screenShoot -->
      </class> <!-- basicPrograms.TakeScreenShoot -->
    </test> <!-- Default test -->
  </suite> <!-- Default suite -->
</testng-results>
